2020-10-16 14:32:16 [main                      ] WARN  - [SocialNetwork] InetAddress.getLocalHost().getHostName() took 5005 milliseconds to respond. Please verify your network configuration (macOS machines may need to add entries to /etc/hosts).
2020-10-16 14:32:21 [main                      ] INFO  - [SocialNetwork] Starting SocialnetworkApplication on Macbook.local with PID 3262 (/Users/macboockpro/Desktop/wchallenge/socialNetworkApp/target/classes started by macboockpro in /Users/macboockpro/Desktop/wchallenge/socialNetworkApp)
2020-10-16 14:32:21 [main                      ] DEBUG - [SocialNetwork] Running with Spring Boot v2.3.4.RELEASE, Spring v5.2.9.RELEASE
2020-10-16 14:32:21 [main                      ] INFO  - [SocialNetwork] No active profile set, falling back to default profiles: default
2020-10-16 14:32:24 [main                      ] INFO  - [SocialNetwork] Started SocialnetworkApplication in 23.157 seconds (JVM running for 29.036)
2020-10-16 14:34:40 [main                      ] WARN  - [SocialNetwork] InetAddress.getLocalHost().getHostName() took 5005 milliseconds to respond. Please verify your network configuration (macOS machines may need to add entries to /etc/hosts).
2020-10-16 14:34:45 [main                      ] INFO  - [SocialNetwork] Starting SocialnetworkApplication on Macbook.local with PID 3515 (/Users/macboockpro/Desktop/wchallenge/socialNetworkApp/target/classes started by macboockpro in /Users/macboockpro/Desktop/wchallenge/socialNetworkApp)
2020-10-16 14:34:45 [main                      ] DEBUG - [SocialNetwork] Running with Spring Boot v2.3.4.RELEASE, Spring v5.2.9.RELEASE
2020-10-16 14:34:45 [main                      ] INFO  - [SocialNetwork] No active profile set, falling back to default profiles: default
2020-10-16 14:34:48 [main                      ] INFO  - [SocialNetwork] Started SocialnetworkApplication in 23.584 seconds (JVM running for 29.472)
2020-10-16 14:41:37 [main                      ] WARN  - [SocialNetwork] InetAddress.getLocalHost().getHostName() took 5004 milliseconds to respond. Please verify your network configuration (macOS machines may need to add entries to /etc/hosts).
2020-10-16 14:41:42 [main                      ] INFO  - [SocialNetwork] Starting SocialnetworkApplication on Macbook.local with PID 3593 (/Users/macboockpro/Desktop/wchallenge/socialNetworkApp/target/classes started by macboockpro in /Users/macboockpro/Desktop/wchallenge/socialNetworkApp)
2020-10-16 14:41:42 [main                      ] DEBUG - [SocialNetwork] Running with Spring Boot v2.3.4.RELEASE, Spring v5.2.9.RELEASE
2020-10-16 14:41:42 [main                      ] INFO  - [SocialNetwork] No active profile set, falling back to default profiles: default
2020-10-16 14:41:44 [main                      ] INFO  - [SocialNetwork] Started SocialnetworkApplication in 23.068 seconds (JVM running for 28.935)
2020-10-16 14:44:51 [main                      ] WARN  - [SocialNetwork] InetAddress.getLocalHost().getHostName() took 5002 milliseconds to respond. Please verify your network configuration (macOS machines may need to add entries to /etc/hosts).
2020-10-16 14:44:56 [main                      ] INFO  - [SocialNetwork] Starting SocialnetworkApplication on Macbook.local with PID 3622 (/Users/macboockpro/Desktop/wchallenge/socialNetworkApp/target/classes started by macboockpro in /Users/macboockpro/Desktop/wchallenge/socialNetworkApp)
2020-10-16 14:44:56 [main                      ] DEBUG - [SocialNetwork] Running with Spring Boot v2.3.4.RELEASE, Spring v5.2.9.RELEASE
2020-10-16 14:44:56 [main                      ] INFO  - [SocialNetwork] No active profile set, falling back to default profiles: default
2020-10-16 14:44:58 [main                      ] INFO  - [SocialNetwork] Started SocialnetworkApplication in 23.057 seconds (JVM running for 28.931)
2020-10-16 14:53:29 [main                      ] WARN  - [SocialNetwork] InetAddress.getLocalHost().getHostName() took 5003 milliseconds to respond. Please verify your network configuration (macOS machines may need to add entries to /etc/hosts).
2020-10-16 14:53:35 [main                      ] INFO  - [SocialNetwork] Starting SocialnetworkApplication on Macbook.local with PID 4056 (/Users/macboockpro/Desktop/wchallenge/socialNetworkApp/target/classes started by macboockpro in /Users/macboockpro/Desktop/wchallenge/socialNetworkApp)
2020-10-16 14:53:35 [main                      ] DEBUG - [SocialNetwork] Running with Spring Boot v2.3.4.RELEASE, Spring v5.2.9.RELEASE
2020-10-16 14:53:35 [main                      ] INFO  - [SocialNetwork] No active profile set, falling back to default profiles: default
2020-10-16 14:53:37 [main                      ] INFO  - [SocialNetwork] Started SocialnetworkApplication in 23.11 seconds (JVM running for 28.983)
2020-10-16 16:21:23 [main                      ] WARN  - [SocialNetwork] InetAddress.getLocalHost().getHostName() took 5017 milliseconds to respond. Please verify your network configuration (macOS machines may need to add entries to /etc/hosts).
2020-10-16 16:21:28 [main                      ] INFO  - [SocialNetwork] Starting SocialnetworkApplication on Macbook.local with PID 6283 (/Users/macboockpro/Desktop/wchallenge/socialNetworkApp/target/classes started by macboockpro in /Users/macboockpro/Desktop/wchallenge/socialNetworkApp)
2020-10-16 16:21:28 [main                      ] DEBUG - [SocialNetwork] Running with Spring Boot v2.3.4.RELEASE, Spring v5.2.9.RELEASE
2020-10-16 16:21:28 [main                      ] INFO  - [SocialNetwork] No active profile set, falling back to default profiles: default
2020-10-16 16:21:31 [main                      ] INFO  - [SocialNetwork] Started SocialnetworkApplication in 22.879 seconds (JVM running for 28.77)
2020-10-16 16:37:12 [main                      ] WARN  - [SocialNetwork] InetAddress.getLocalHost().getHostName() took 5003 milliseconds to respond. Please verify your network configuration (macOS machines may need to add entries to /etc/hosts).
2020-10-16 16:37:17 [main                      ] INFO  - [SocialNetwork] Starting SocialnetworkApplication on Macbook.local with PID 6621 (/Users/macboockpro/Desktop/wchallenge/socialNetworkApp/target/classes started by macboockpro in /Users/macboockpro/Desktop/wchallenge/socialNetworkApp)
2020-10-16 16:37:17 [main                      ] DEBUG - [SocialNetwork] Running with Spring Boot v2.3.4.RELEASE, Spring v5.2.9.RELEASE
2020-10-16 16:37:17 [main                      ] INFO  - [SocialNetwork] No active profile set, falling back to default profiles: default
2020-10-16 16:37:20 [main                      ] INFO  - [SocialNetwork] Started SocialnetworkApplication in 22.639 seconds (JVM running for 28.628)
2020-10-16 16:53:30 [main                      ] WARN  - [SocialNetwork] InetAddress.getLocalHost().getHostName() took 5002 milliseconds to respond. Please verify your network configuration (macOS machines may need to add entries to /etc/hosts).
2020-10-16 16:53:35 [main                      ] INFO  - [SocialNetwork] Starting SocialnetworkApplication on Macbook.local with PID 7014 (/Users/macboockpro/Desktop/wchallenge/socialNetworkApp/target/classes started by macboockpro in /Users/macboockpro/Desktop/wchallenge/socialNetworkApp)
2020-10-16 16:53:35 [main                      ] DEBUG - [SocialNetwork] Running with Spring Boot v2.3.4.RELEASE, Spring v5.2.9.RELEASE
2020-10-16 16:53:35 [main                      ] INFO  - [SocialNetwork] No active profile set, falling back to default profiles: default
2020-10-16 16:53:37 [main                      ] WARN  - [SocialNetwork] Exception encountered during context initialization - cancelling refresh attempt: org.springframework.beans.factory.UnsatisfiedDependencyException: Error creating bean with name 'documentationPluginsBootstrapper' defined in URL [jar:file:/Users/macboockpro/.m2/repository/io/springfox/springfox-spring-web/2.9.2/springfox-spring-web-2.9.2.jar!/springfox/documentation/spring/web/plugins/DocumentationPluginsBootstrapper.class]: Unsatisfied dependency expressed through constructor parameter 1; nested exception is org.springframework.beans.factory.UnsatisfiedDependencyException: Error creating bean with name 'webMvcRequestHandlerProvider' defined in URL [jar:file:/Users/macboockpro/.m2/repository/io/springfox/springfox-spring-web/2.9.2/springfox-spring-web-2.9.2.jar!/springfox/documentation/spring/web/plugins/WebMvcRequestHandlerProvider.class]: Unsatisfied dependency expressed through constructor parameter 1; nested exception is org.springframework.beans.factory.BeanCreationException: Error creating bean with name 'requestMappingHandlerMapping' defined in class path resource [org/springframework/boot/autoconfigure/web/servlet/WebMvcAutoConfiguration$EnableWebMvcConfiguration.class]: Invocation of init method failed; nested exception is java.lang.IllegalStateException: Ambiguous mapping. Cannot map 'commentControllerImpl' method 
com.wolox.socialnetwork.controller.impl.CommentControllerImpl#doGetAllComments()
to {GET /api/comments}: There is already 'commentControllerImpl' bean method
com.wolox.socialnetwork.controller.impl.CommentControllerImpl#doGetComment(String) mapped.
2020-10-16 16:53:37 [main                      ] ERROR - [SocialNetwork] Application run failed
org.springframework.beans.factory.UnsatisfiedDependencyException: Error creating bean with name 'documentationPluginsBootstrapper' defined in URL [jar:file:/Users/macboockpro/.m2/repository/io/springfox/springfox-spring-web/2.9.2/springfox-spring-web-2.9.2.jar!/springfox/documentation/spring/web/plugins/DocumentationPluginsBootstrapper.class]: Unsatisfied dependency expressed through constructor parameter 1; nested exception is org.springframework.beans.factory.UnsatisfiedDependencyException: Error creating bean with name 'webMvcRequestHandlerProvider' defined in URL [jar:file:/Users/macboockpro/.m2/repository/io/springfox/springfox-spring-web/2.9.2/springfox-spring-web-2.9.2.jar!/springfox/documentation/spring/web/plugins/WebMvcRequestHandlerProvider.class]: Unsatisfied dependency expressed through constructor parameter 1; nested exception is org.springframework.beans.factory.BeanCreationException: Error creating bean with name 'requestMappingHandlerMapping' defined in class path resource [org/springframework/boot/autoconfigure/web/servlet/WebMvcAutoConfiguration$EnableWebMvcConfiguration.class]: Invocation of init method failed; nested exception is java.lang.IllegalStateException: Ambiguous mapping. Cannot map 'commentControllerImpl' method 
com.wolox.socialnetwork.controller.impl.CommentControllerImpl#doGetAllComments()
to {GET /api/comments}: There is already 'commentControllerImpl' bean method
com.wolox.socialnetwork.controller.impl.CommentControllerImpl#doGetComment(String) mapped.
	at org.springframework.beans.factory.support.ConstructorResolver.createArgumentArray(ConstructorResolver.java:797)
	at org.springframework.beans.factory.support.ConstructorResolver.autowireConstructor(ConstructorResolver.java:227)
	at org.springframework.beans.factory.support.AbstractAutowireCapableBeanFactory.autowireConstructor(AbstractAutowireCapableBeanFactory.java:1356)
	at org.springframework.beans.factory.support.AbstractAutowireCapableBeanFactory.createBeanInstance(AbstractAutowireCapableBeanFactory.java:1203)
	at org.springframework.beans.factory.support.AbstractAutowireCapableBeanFactory.doCreateBean(AbstractAutowireCapableBeanFactory.java:556)
	at org.springframework.beans.factory.support.AbstractAutowireCapableBeanFactory.createBean(AbstractAutowireCapableBeanFactory.java:516)
	at org.springframework.beans.factory.support.AbstractBeanFactory.lambda$doGetBean$0(AbstractBeanFactory.java:324)
	at org.springframework.beans.factory.support.DefaultSingletonBeanRegistry.getSingleton(DefaultSingletonBeanRegistry.java:234)
	at org.springframework.beans.factory.support.AbstractBeanFactory.doGetBean(AbstractBeanFactory.java:322)
	at org.springframework.beans.factory.support.AbstractBeanFactory.getBean(AbstractBeanFactory.java:202)
	at org.springframework.beans.factory.support.DefaultListableBeanFactory.preInstantiateSingletons(DefaultListableBeanFactory.java:897)
	at org.springframework.context.support.AbstractApplicationContext.finishBeanFactoryInitialization(AbstractApplicationContext.java:879)
	at org.springframework.context.support.AbstractApplicationContext.refresh(AbstractApplicationContext.java:551)
	at org.springframework.boot.web.servlet.context.ServletWebServerApplicationContext.refresh(ServletWebServerApplicationContext.java:143)
	at org.springframework.boot.SpringApplication.refresh(SpringApplication.java:758)
	at org.springframework.boot.SpringApplication.refresh(SpringApplication.java:750)
	at org.springframework.boot.SpringApplication.refreshContext(SpringApplication.java:397)
	at org.springframework.boot.SpringApplication.run(SpringApplication.java:315)
	at org.springframework.boot.SpringApplication.run(SpringApplication.java:1237)
	at org.springframework.boot.SpringApplication.run(SpringApplication.java:1226)
	at com.wolox.socialnetwork.SocialnetworkApplication.main(SocialnetworkApplication.java:15)
Caused by: org.springframework.beans.factory.UnsatisfiedDependencyException: Error creating bean with name 'webMvcRequestHandlerProvider' defined in URL [jar:file:/Users/macboockpro/.m2/repository/io/springfox/springfox-spring-web/2.9.2/springfox-spring-web-2.9.2.jar!/springfox/documentation/spring/web/plugins/WebMvcRequestHandlerProvider.class]: Unsatisfied dependency expressed through constructor parameter 1; nested exception is org.springframework.beans.factory.BeanCreationException: Error creating bean with name 'requestMappingHandlerMapping' defined in class path resource [org/springframework/boot/autoconfigure/web/servlet/WebMvcAutoConfiguration$EnableWebMvcConfiguration.class]: Invocation of init method failed; nested exception is java.lang.IllegalStateException: Ambiguous mapping. Cannot map 'commentControllerImpl' method 
com.wolox.socialnetwork.controller.impl.CommentControllerImpl#doGetAllComments()
to {GET /api/comments}: There is already 'commentControllerImpl' bean method
com.wolox.socialnetwork.controller.impl.CommentControllerImpl#doGetComment(String) mapped.
	at org.springframework.beans.factory.support.ConstructorResolver.createArgumentArray(ConstructorResolver.java:797)
	at org.springframework.beans.factory.support.ConstructorResolver.autowireConstructor(ConstructorResolver.java:227)
	at org.springframework.beans.factory.support.AbstractAutowireCapableBeanFactory.autowireConstructor(AbstractAutowireCapableBeanFactory.java:1356)
	at org.springframework.beans.factory.support.AbstractAutowireCapableBeanFactory.createBeanInstance(AbstractAutowireCapableBeanFactory.java:1203)
	at org.springframework.beans.factory.support.AbstractAutowireCapableBeanFactory.doCreateBean(AbstractAutowireCapableBeanFactory.java:556)
	at org.springframework.beans.factory.support.AbstractAutowireCapableBeanFactory.createBean(AbstractAutowireCapableBeanFactory.java:516)
	at org.springframework.beans.factory.support.AbstractBeanFactory.lambda$doGetBean$0(AbstractBeanFactory.java:324)
	at org.springframework.beans.factory.support.DefaultSingletonBeanRegistry.getSingleton(DefaultSingletonBeanRegistry.java:234)
	at org.springframework.beans.factory.support.AbstractBeanFactory.doGetBean(AbstractBeanFactory.java:322)
	at org.springframework.beans.factory.support.AbstractBeanFactory.getBean(AbstractBeanFactory.java:202)
	at org.springframework.beans.factory.config.DependencyDescriptor.resolveCandidate(DependencyDescriptor.java:276)
	at org.springframework.beans.factory.support.DefaultListableBeanFactory.addCandidateEntry(DefaultListableBeanFactory.java:1525)
	at org.springframework.beans.factory.support.DefaultListableBeanFactory.findAutowireCandidates(DefaultListableBeanFactory.java:1489)
	at org.springframework.beans.factory.support.DefaultListableBeanFactory.resolveMultipleBeans(DefaultListableBeanFactory.java:1378)
	at org.springframework.beans.factory.support.DefaultListableBeanFactory.doResolveDependency(DefaultListableBeanFactory.java:1265)
	at org.springframework.beans.factory.support.DefaultListableBeanFactory.resolveDependency(DefaultListableBeanFactory.java:1227)
	at org.springframework.beans.factory.support.ConstructorResolver.resolveAutowiredArgument(ConstructorResolver.java:884)
	at org.springframework.beans.factory.support.ConstructorResolver.createArgumentArray(ConstructorResolver.java:788)
	... 20 common frames omitted
Caused by: org.springframework.beans.factory.BeanCreationException: Error creating bean with name 'requestMappingHandlerMapping' defined in class path resource [org/springframework/boot/autoconfigure/web/servlet/WebMvcAutoConfiguration$EnableWebMvcConfiguration.class]: Invocation of init method failed; nested exception is java.lang.IllegalStateException: Ambiguous mapping. Cannot map 'commentControllerImpl' method 
com.wolox.socialnetwork.controller.impl.CommentControllerImpl#doGetAllComments()
to {GET /api/comments}: There is already 'commentControllerImpl' bean method
com.wolox.socialnetwork.controller.impl.CommentControllerImpl#doGetComment(String) mapped.
	at org.springframework.beans.factory.support.AbstractAutowireCapableBeanFactory.initializeBean(AbstractAutowireCapableBeanFactory.java:1794)
	at org.springframework.beans.factory.support.AbstractAutowireCapableBeanFactory.doCreateBean(AbstractAutowireCapableBeanFactory.java:594)
	at org.springframework.beans.factory.support.AbstractAutowireCapableBeanFactory.createBean(AbstractAutowireCapableBeanFactory.java:516)
	at org.springframework.beans.factory.support.AbstractBeanFactory.lambda$doGetBean$0(AbstractBeanFactory.java:324)
	at org.springframework.beans.factory.support.DefaultSingletonBeanRegistry.getSingleton(DefaultSingletonBeanRegistry.java:234)
	at org.springframework.beans.factory.support.AbstractBeanFactory.doGetBean(AbstractBeanFactory.java:322)
	at org.springframework.beans.factory.support.AbstractBeanFactory.getBean(AbstractBeanFactory.java:202)
	at org.springframework.beans.factory.config.DependencyDescriptor.resolveCandidate(DependencyDescriptor.java:276)
	at org.springframework.beans.factory.support.DefaultListableBeanFactory.addCandidateEntry(DefaultListableBeanFactory.java:1525)
	at org.springframework.beans.factory.support.DefaultListableBeanFactory.findAutowireCandidates(DefaultListableBeanFactory.java:1489)
	at org.springframework.beans.factory.support.DefaultListableBeanFactory.resolveMultipleBeans(DefaultListableBeanFactory.java:1378)
	at org.springframework.beans.factory.support.DefaultListableBeanFactory.doResolveDependency(DefaultListableBeanFactory.java:1265)
	at org.springframework.beans.factory.support.DefaultListableBeanFactory.resolveDependency(DefaultListableBeanFactory.java:1227)
	at org.springframework.beans.factory.support.ConstructorResolver.resolveAutowiredArgument(ConstructorResolver.java:884)
	at org.springframework.beans.factory.support.ConstructorResolver.createArgumentArray(ConstructorResolver.java:788)
	... 37 common frames omitted
Caused by: java.lang.IllegalStateException: Ambiguous mapping. Cannot map 'commentControllerImpl' method 
com.wolox.socialnetwork.controller.impl.CommentControllerImpl#doGetAllComments()
to {GET /api/comments}: There is already 'commentControllerImpl' bean method
com.wolox.socialnetwork.controller.impl.CommentControllerImpl#doGetComment(String) mapped.
	at org.springframework.web.servlet.handler.AbstractHandlerMethodMapping$MappingRegistry.validateMethodMapping(AbstractHandlerMethodMapping.java:636)
	at org.springframework.web.servlet.handler.AbstractHandlerMethodMapping$MappingRegistry.register(AbstractHandlerMethodMapping.java:603)
	at org.springframework.web.servlet.handler.AbstractHandlerMethodMapping.registerHandlerMethod(AbstractHandlerMethodMapping.java:318)
	at org.springframework.web.servlet.mvc.method.annotation.RequestMappingHandlerMapping.registerHandlerMethod(RequestMappingHandlerMapping.java:378)
	at org.springframework.web.servlet.mvc.method.annotation.RequestMappingHandlerMapping.registerHandlerMethod(RequestMappingHandlerMapping.java:75)
	at org.springframework.web.servlet.handler.AbstractHandlerMethodMapping.lambda$detectHandlerMethods$1(AbstractHandlerMethodMapping.java:288)
	at java.util.LinkedHashMap.forEach(LinkedHashMap.java:684)
	at org.springframework.web.servlet.handler.AbstractHandlerMethodMapping.detectHandlerMethods(AbstractHandlerMethodMapping.java:286)
	at org.springframework.web.servlet.handler.AbstractHandlerMethodMapping.processCandidateBean(AbstractHandlerMethodMapping.java:258)
	at org.springframework.web.servlet.handler.AbstractHandlerMethodMapping.initHandlerMethods(AbstractHandlerMethodMapping.java:217)
	at org.springframework.web.servlet.handler.AbstractHandlerMethodMapping.afterPropertiesSet(AbstractHandlerMethodMapping.java:205)
	at org.springframework.web.servlet.mvc.method.annotation.RequestMappingHandlerMapping.afterPropertiesSet(RequestMappingHandlerMapping.java:189)
	at org.springframework.beans.factory.support.AbstractAutowireCapableBeanFactory.invokeInitMethods(AbstractAutowireCapableBeanFactory.java:1853)
	at org.springframework.beans.factory.support.AbstractAutowireCapableBeanFactory.initializeBean(AbstractAutowireCapableBeanFactory.java:1790)
	... 51 common frames omitted
2020-10-16 17:00:22 [main                      ] WARN  - [SocialNetwork] InetAddress.getLocalHost().getHostName() took 5002 milliseconds to respond. Please verify your network configuration (macOS machines may need to add entries to /etc/hosts).
2020-10-16 17:00:27 [main                      ] INFO  - [SocialNetwork] Starting SocialnetworkApplication on Macbook.local with PID 7092 (/Users/macboockpro/Desktop/wchallenge/socialNetworkApp/target/classes started by macboockpro in /Users/macboockpro/Desktop/wchallenge/socialNetworkApp)
2020-10-16 17:00:27 [main                      ] DEBUG - [SocialNetwork] Running with Spring Boot v2.3.4.RELEASE, Spring v5.2.9.RELEASE
2020-10-16 17:00:27 [main                      ] INFO  - [SocialNetwork] No active profile set, falling back to default profiles: default
2020-10-16 17:00:30 [main                      ] INFO  - [SocialNetwork] Started SocialnetworkApplication in 23.167 seconds (JVM running for 29.135)
